<?xml version="1.0" encoding="UTF-8"?>
<!-- Generated by org.testng.reporters.JUnitXMLReporter -->
<testsuite hostname="CBT-TR-016" ignored="0" name="Test" tests="2" failures="2" timestamp="18 Feb 2017 08:17:22 GMT" time="108.22" errors="0">
  <testcase name="testNavigateToBikesPage" time="52.094" classname="com.quickr.test.NavigateToBikesHomePage">
    <failure type="java.lang.AssertionError" message="null">
      <![CDATA[java.lang.AssertionError: null
	at com.quickr.pom.BasePage.verifyElementDisplayed(BasePage.java:50)
	at com.quickr.pom.BikesHomePage.clickArrow_Down(BikesHomePage.java:42)
	at com.quickr.test.NavigateToBikesHomePage.testNavigateToBikesPage(NavigateToBikesHomePage.java:28)
... Removed 27 stack frames]]>
    </failure>
  </testcase> <!-- testNavigateToBikesPage -->
  <testcase name="searchBox" time="42.335" classname="com.quickr.test.SearchBox">
    <failure type="java.lang.AssertionError" message="null">
      <![CDATA[java.lang.AssertionError: null
	at com.quickr.pom.BasePage.verifyElementDisplayed(BasePage.java:50)
	at com.quickr.pom.BHP_SearchBox.selectPrice_2(BHP_SearchBox.java:62)
	at com.quickr.test.SearchBox.searchBox(SearchBox.java:34)
... Removed 27 stack frames]]>
    </failure>
  </testcase> <!-- searchBox -->
</testsuite> <!-- Test -->
