<?xml version="1.0" encoding="UTF-8"?>
<testng-results skipped="0" failed="1" ignored="0" total="1" passed="0">
  <reporter-output>
    <line>
      <![CDATA[Tittle is same : Pass]]>
    </line>
    <line>
      <![CDATA[Element is Displayed : Pass]]>
    </line>
    <line>
      <![CDATA[Tittle is same : Pass]]>
    </line>
    <line>
      <![CDATA[Element is Not Displayed : Fail]]>
    </line>
  </reporter-output>
  <suite name="Default suite" duration-ms="57794" started-at="2017-02-18T08:22:49Z" finished-at="2017-02-18T08:23:46Z">
    <groups>
    </groups>
    <test name="Default test" duration-ms="57794" started-at="2017-02-18T08:22:49Z" finished-at="2017-02-18T08:23:46Z">
      <class name="com.quickr.test.NavigateToBikesHomePage">
        <test-method status="PASS" signature="preCondition()[pri:0, instance:com.quickr.test.NavigateToBikesHomePage@28feb3fa]" name="preCondition" is-config="true" duration-ms="5930" started-at="2017-02-18T13:52:49Z" finished-at="2017-02-18T13:52:55Z">
          <reporter-output>
          </reporter-output>
        </test-method> <!-- preCondition -->
        <test-method status="FAIL" signature="testNavigateToBikesPage()[pri:0, instance:com.quickr.test.NavigateToBikesHomePage@28feb3fa]" name="testNavigateToBikesPage" duration-ms="50739" started-at="2017-02-18T13:52:55Z" finished-at="2017-02-18T13:53:45Z">
          <exception class="java.lang.AssertionError">
            <message>
              <![CDATA[null]]>
            </message>
            <full-stacktrace>
              <![CDATA[java.lang.AssertionError: null
	at org.testng.Assert.fail(Assert.java:94)
	at org.testng.Assert.fail(Assert.java:101)
	at com.quickr.pom.BasePage.verifyElementDisplayed(BasePage.java:50)
	at com.quickr.pom.BikesHomePage.clickArrow_Down(BikesHomePage.java:42)
	at com.quickr.test.NavigateToBikesHomePage.testNavigateToBikesPage(NavigateToBikesHomePage.java:28)
	at sun.reflect.NativeMethodAccessorImpl.invoke0(Native Method)
	at sun.reflect.NativeMethodAccessorImpl.invoke(Unknown Source)
	at sun.reflect.DelegatingMethodAccessorImpl.invoke(Unknown Source)
	at java.lang.reflect.Method.invoke(Unknown Source)
	at org.testng.internal.MethodInvocationHelper.invokeMethod(MethodInvocationHelper.java:104)
	at org.testng.internal.Invoker.invokeMethod(Invoker.java:645)
	at org.testng.internal.Invoker.invokeTestMethod(Invoker.java:851)
	at org.testng.internal.Invoker.invokeTestMethods(Invoker.java:1177)
	at org.testng.internal.TestMethodWorker.invokeTestMethods(TestMethodWorker.java:129)
	at org.testng.internal.TestMethodWorker.run(TestMethodWorker.java:112)
	at org.testng.TestRunner.privateRun(TestRunner.java:756)
	at org.testng.TestRunner.run(TestRunner.java:610)
	at org.testng.SuiteRunner.runTest(SuiteRunner.java:387)
	at org.testng.SuiteRunner.runSequentially(SuiteRunner.java:382)
	at org.testng.SuiteRunner.privateRun(SuiteRunner.java:340)
	at org.testng.SuiteRunner.run(SuiteRunner.java:289)
	at org.testng.SuiteRunnerWorker.runSuite(SuiteRunnerWorker.java:52)
	at org.testng.SuiteRunnerWorker.run(SuiteRunnerWorker.java:86)
	at org.testng.TestNG.runSuitesSequentially(TestNG.java:1293)
	at org.testng.TestNG.runSuitesLocally(TestNG.java:1218)
	at org.testng.TestNG.runSuites(TestNG.java:1133)
	at org.testng.TestNG.run(TestNG.java:1104)
	at org.testng.remote.AbstractRemoteTestNG.run(AbstractRemoteTestNG.java:132)
	at org.testng.remote.RemoteTestNG.initAndRun(RemoteTestNG.java:236)
	at org.testng.remote.RemoteTestNG.main(RemoteTestNG.java:81)
]]>
            </full-stacktrace>
          </exception> <!-- java.lang.AssertionError -->
          <reporter-output>
            <line>
              <![CDATA[Tittle is same : Pass]]>
            </line>
            <line>
              <![CDATA[Element is Displayed : Pass]]>
            </line>
            <line>
              <![CDATA[Tittle is same : Pass]]>
            </line>
            <line>
              <![CDATA[Element is Not Displayed : Fail]]>
            </line>
          </reporter-output>
        </test-method> <!-- testNavigateToBikesPage -->
        <test-method status="PASS" signature="postCondition()[pri:0, instance:com.quickr.test.NavigateToBikesHomePage@28feb3fa]" name="postCondition" is-config="true" duration-ms="1086" started-at="2017-02-18T13:53:45Z" finished-at="2017-02-18T13:53:46Z">
          <reporter-output>
          </reporter-output>
        </test-method> <!-- postCondition -->
      </class> <!-- com.quickr.test.NavigateToBikesHomePage -->
    </test> <!-- Default test -->
  </suite> <!-- Default suite -->
</testng-results>
